<?xml version="1.0" encoding="UTF-8"?>
<testsuite xmlns:xsi="http://www.w3.org/2001/XMLSchema-instance" xsi:noNamespaceSchemaLocation="https://maven.apache.org/surefire/maven-surefire-plugin/xsd/surefire-test-report.xsd" name="Verifying the search" time="54.242" tests="7" errors="6" skipped="0" failures="1">
  <properties>
[...]
</properties>
  <testcase name="User checks the Advance Search link" classname="Verifying the search" time="39.41">
    <failure message="expected:&lt;[Certified BMW Convertibles for Sale in Alpharetta, GA (with Photos) - Autotrader]&gt; but was:&lt;[]&gt;" type="org.junit.ComparisonFailure"><![CDATA[org.junit.ComparisonFailure: expected:<[Certified BMW Convertibles for Sale in Alpharetta, GA (with Photos) - Autotrader]> but was:<[]>
]]></failure>
    <system-out><![CDATA[
&amp#27;[31mFailed scenarios:&amp#27;[0m
&amp#27;[31mfile:///C:/Users/tsume/IntelliJ%20Workplace/The%20Last%20Framework%20project%20MG/AutoTradeEu/src/test/resources/features/search.feature:11&amp#27;[0m# Homepage verification
&amp#27;[31mfile:///C:/Users/tsume/IntelliJ%20Workplace/The%20Last%20Framework%20project%20MG/AutoTradeEu/src/test/resources/features/search.feature:20&amp#27;[0m# User checks the Advance Search link
&amp#27;[31mfile:///C:/Users/tsume/IntelliJ%20Workplace/The%20Last%20Framework%20project%20MG/AutoTradeEu/src/test/resources/features/search1.feature:4&amp#27;[0m# User checks the Advance Search link
&amp#27;[31mfile:///C:/Users/tsume/IntelliJ%20Workplace/The%20Last%20Framework%20project%20MG/AutoTradeEu/src/test/resources/features/search2.feature:4&amp#27;[0m# User checks the Advance Search link

4 Scenarios (&amp#27;[31m4 failed&amp#27;[0m)
38 Steps (&amp#27;[31m4 failed&amp#27;[0m, &amp#27;[36m13 skipped&amp#27;[0m, &amp#27;[32m21 passed&amp#27;[0m)
0m54.246s


org.openqa.selenium.StaleElementReferenceException: stale element reference: element is not attached to the page document
  (Session info: chrome=87.0.4280.141)
For documentation on this error, please visit: https://www.seleniumhq.org/exceptions/stale_element_reference.html
Build info: version: '3.141.59', revision: 'e82be7d358', time: '2018-11-14T08:17:03'
System info: host: 'DESKTOP-ONJFJK9', ip: '192.168.0.17', os.name: 'Windows 10', os.arch: 'amd64', os.version: '10.0', java.version: '13.0.2'
Driver info: org.openqa.selenium.chrome.ChromeDriver
Capabilities {acceptInsecureCerts: false, browserName: chrome, browserVersion: 87.0.4280.141, chrome: {chromedriverVersion: 87.0.4280.88 (89e2380a3e36c..., userDataDir: C:\Users\tsume\AppData\Loca...}, goog:chromeOptions: {debuggerAddress: localhost:64006}, javascriptEnabled: true, networkConnectionEnabled: false, pageLoadStrategy: normal, platform: WINDOWS, platformName: WINDOWS, proxy: Proxy(), setWindowRect: true, strictFileInteractability: false, timeouts: {implicit: 0, pageLoad: 300000, script: 30000}, unhandledPromptBehavior: dismiss and notify, webauthn:virtualAuthenticators: true}
Session ID: 4f16f8e0da5c7515ba81684e0c3d8b11
	at java.base/jdk.internal.reflect.NativeConstructorAccessorImpl.newInstance0(Native Method)
	at java.base/jdk.internal.reflect.NativeConstructorAccessorImpl.newInstance(NativeConstructorAccessorImpl.java:62)
	at java.base/jdk.internal.reflect.DelegatingConstructorAccessorImpl.newInstance(DelegatingConstructorAccessorImpl.java:45)
	at java.base/java.lang.reflect.Constructor.newInstanceWithCaller(Constructor.java:500)
	at java.base/java.lang.reflect.Constructor.newInstance(Constructor.java:481)
	at org.openqa.selenium.remote.http.W3CHttpResponseCodec.createException(W3CHttpResponseCodec.java:187)
	at org.openqa.selenium.remote.http.W3CHttpResponseCodec.decode(W3CHttpResponseCodec.java:122)
	at org.openqa.selenium.remote.http.W3CHttpResponseCodec.decode(W3CHttpResponseCodec.java:49)
	at org.openqa.selenium.remote.HttpCommandExecutor.execute(HttpCommandExecutor.java:158)
	at org.openqa.selenium.remote.service.DriverCommandExecutor.execute(DriverCommandExecutor.java:83)
	at org.openqa.selenium.remote.RemoteWebDriver.execute(RemoteWebDriver.java:552)
	at org.openqa.selenium.remote.RemoteWebElement.execute(RemoteWebElement.java:285)
	at org.openqa.selenium.remote.RemoteWebElement.getText(RemoteWebElement.java:166)
	at java.base/jdk.internal.reflect.NativeMethodAccessorImpl.invoke0(Native Method)
	at java.base/jdk.internal.reflect.NativeMethodAccessorImpl.invoke(NativeMethodAccessorImpl.java:62)
	at java.base/jdk.internal.reflect.DelegatingMethodAccessorImpl.invoke(DelegatingMethodAccessorImpl.java:43)
	at java.base/java.lang.reflect.Method.invoke(Method.java:567)
	at org.openqa.selenium.support.pagefactory.internal.LocatingElementHandler.invoke(LocatingElementHandler.java:51)
	at com.sun.proxy.$Proxy19.getText(Unknown Source)
	at com.autotradereu.pages.SearchPage.verifytheFields(SearchPage.java:51)
	at com.autotradereu.stepdef.SearchSteps.verifyThatIsPresent(SearchSteps.java:47)
	at ?.Verify that "Browse by Make" is present(file:///C:/Users/tsume/IntelliJ%20Workplace/The%20Last%20Framework%20project%20MG/AutoTradeEu/src/test/resources/features/search.feature:13)

org.openqa.selenium.support.ui.UnexpectedTagNameException: Element should have been "select" but was "null"
Build info: version: '3.141.59', revision: 'e82be7d358', time: '2018-11-14T08:17:03'
System info: host: 'DESKTOP-ONJFJK9', ip: '192.168.0.17', os.name: 'Windows 10', os.arch: 'amd64', os.version: '10.0', java.version: '13.0.2'
Driver info: driver.version: unknown
	at org.openqa.selenium.support.ui.Select.<init>(Select.java:48)
	at com.autotradereu.pages.AdvanceSearchPage.modelYears(AdvanceSearchPage.java:73)
	at com.autotradereu.stepdef.AdvanceSearchSteps.userUpdateTheYearFromTo(AdvanceSearchSteps.java:43)
	at ?.User Update the year from "2017" to "2020"(file:///C:/Users/tsume/IntelliJ%20Workplace/The%20Last%20Framework%20project%20MG/AutoTradeEu/src/test/resources/features/search.feature:25)

org.openqa.selenium.NoSuchWindowException: no such window: target window already closed
from unknown error: web view not found
  (Session info: chrome=87.0.4280.141)
Build info: version: '3.141.59', revision: 'e82be7d358', time: '2018-11-14T08:17:03'
System info: host: 'DESKTOP-ONJFJK9', ip: '192.168.0.17', os.name: 'Windows 10', os.arch: 'amd64', os.version: '10.0', java.version: '13.0.2'
Driver info: org.openqa.selenium.chrome.ChromeDriver
Capabilities {acceptInsecureCerts: false, browserName: chrome, browserVersion: 87.0.4280.141, chrome: {chromedriverVersion: 87.0.4280.88 (89e2380a3e36c..., userDataDir: C:\Users\tsume\AppData\Loca...}, goog:chromeOptions: {debuggerAddress: localhost:64133}, javascriptEnabled: true, networkConnectionEnabled: false, pageLoadStrategy: normal, platform: WINDOWS, platformName: WINDOWS, proxy: Proxy(), setWindowRect: true, strictFileInteractability: false, timeouts: {implicit: 0, pageLoad: 300000, script: 30000}, unhandledPromptBehavior: dismiss and notify, webauthn:virtualAuthenticators: true}
Session ID: 2631f9802b209969814e3226b89919c1
	at java.base/jdk.internal.reflect.NativeConstructorAccessorImpl.newInstance0(Native Method)
	at java.base/jdk.internal.reflect.NativeConstructorAccessorImpl.newInstance(NativeConstructorAccessorImpl.java:62)
	at java.base/jdk.internal.reflect.DelegatingConstructorAccessorImpl.newInstance(DelegatingConstructorAccessorImpl.java:45)
	at java.base/java.lang.reflect.Constructor.newInstanceWithCaller(Constructor.java:500)
	at java.base/java.lang.reflect.Constructor.newInstance(Constructor.java:481)
	at org.openqa.selenium.remote.http.W3CHttpResponseCodec.createException(W3CHttpResponseCodec.java:187)
	at org.openqa.selenium.remote.http.W3CHttpResponseCodec.decode(W3CHttpResponseCodec.java:122)
	at org.openqa.selenium.remote.http.W3CHttpResponseCodec.decode(W3CHttpResponseCodec.java:49)
	at org.openqa.selenium.remote.HttpCommandExecutor.execute(HttpCommandExecutor.java:158)
	at org.openqa.selenium.remote.service.DriverCommandExecutor.execute(DriverCommandExecutor.java:83)
	at org.openqa.selenium.remote.RemoteWebDriver.execute(RemoteWebDriver.java:552)
	at org.openqa.selenium.remote.RemoteWebDriver.execute(RemoteWebDriver.java:609)
	at org.openqa.selenium.remote.RemoteWebDriver.getScreenshotAs(RemoteWebDriver.java:295)
	at com.autotradereu.stepdef.Hooks.after(Hooks.java:37)

org.junit.ComparisonFailure: expected:<[Certified BMW Convertibles for Sale in Alpharetta, GA (with Photos) - Autotrader]> but was:<[]>
	at org.junit.Assert.assertEquals(Assert.java:117)
	at org.junit.Assert.assertEquals(Assert.java:146)
	at com.autotradereu.stepdef.AdvanceSearchSteps.userVerifiesThatHeIsInResultPage(AdvanceSearchSteps.java:67)
	at ?.User verifies that he is in result page(file:///C:/Users/tsume/IntelliJ%20Workplace/The%20Last%20Framework%20project%20MG/AutoTradeEu/src/test/resources/features/search1.feature:12)

org.openqa.selenium.NoSuchWindowException: no such window: target window already closed
from unknown error: web view not found
  (Session info: chrome=87.0.4280.141)
Build info: version: '3.141.59', revision: 'e82be7d358', time: '2018-11-14T08:17:03'
System info: host: 'DESKTOP-ONJFJK9', ip: '192.168.0.17', os.name: 'Windows 10', os.arch: 'amd64', os.version: '10.0', java.version: '13.0.2'
Driver info: org.openqa.selenium.chrome.ChromeDriver
Capabilities {acceptInsecureCerts: false, browserName: chrome, browserVersion: 87.0.4280.141, chrome: {chromedriverVersion: 87.0.4280.88 (89e2380a3e36c..., userDataDir: C:\Users\tsume\AppData\Loca...}, goog:chromeOptions: {debuggerAddress: localhost:64009}, javascriptEnabled: true, networkConnectionEnabled: false, pageLoadStrategy: normal, platform: WINDOWS, platformName: WINDOWS, proxy: Proxy(), setWindowRect: true, strictFileInteractability: false, timeouts: {implicit: 0, pageLoad: 300000, script: 30000}, unhandledPromptBehavior: dismiss and notify, webauthn:virtualAuthenticators: true}
Session ID: ac5ceff3b554be610bc8155021f5b451
	at java.base/jdk.internal.reflect.NativeConstructorAccessorImpl.newInstance0(Native Method)
	at java.base/jdk.internal.reflect.NativeConstructorAccessorImpl.newInstance(NativeConstructorAccessorImpl.java:62)
	at java.base/jdk.internal.reflect.DelegatingConstructorAccessorImpl.newInstance(DelegatingConstructorAccessorImpl.java:45)
	at java.base/java.lang.reflect.Constructor.newInstanceWithCaller(Constructor.java:500)
	at java.base/java.lang.reflect.Constructor.newInstance(Constructor.java:481)
	at org.openqa.selenium.remote.http.W3CHttpResponseCodec.createException(W3CHttpResponseCodec.java:187)
	at org.openqa.selenium.remote.http.W3CHttpResponseCodec.decode(W3CHttpResponseCodec.java:122)
	at org.openqa.selenium.remote.http.W3CHttpResponseCodec.decode(W3CHttpResponseCodec.java:49)
	at org.openqa.selenium.remote.HttpCommandExecutor.execute(HttpCommandExecutor.java:158)
	at org.openqa.selenium.remote.service.DriverCommandExecutor.execute(DriverCommandExecutor.java:83)
	at org.openqa.selenium.remote.RemoteWebDriver.execute(RemoteWebDriver.java:552)
	at org.openqa.selenium.remote.RemoteWebDriver.execute(RemoteWebDriver.java:609)
	at org.openqa.selenium.remote.RemoteWebDriver.getScreenshotAs(RemoteWebDriver.java:295)
	at com.autotradereu.stepdef.Hooks.after(Hooks.java:37)

org.openqa.selenium.NoSuchWindowException: no such window: target window already closed
from unknown error: web view not found
  (Session info: chrome=87.0.4280.141)
Build info: version: '3.141.59', revision: 'e82be7d358', time: '2018-11-14T08:17:03'
System info: host: 'DESKTOP-ONJFJK9', ip: '192.168.0.17', os.name: 'Windows 10', os.arch: 'amd64', os.version: '10.0', java.version: '13.0.2'
Driver info: org.openqa.selenium.chrome.ChromeDriver
Capabilities {acceptInsecureCerts: false, browserName: chrome, browserVersion: 87.0.4280.141, chrome: {chromedriverVersion: 87.0.4280.88 (89e2380a3e36c..., userDataDir: C:\Users\tsume\AppData\Loca...}, goog:chromeOptions: {debuggerAddress: localhost:64005}, javascriptEnabled: true, networkConnectionEnabled: false, pageLoadStrategy: normal, platform: WINDOWS, platformName: WINDOWS, proxy: Proxy(), setWindowRect: true, strictFileInteractability: false, timeouts: {implicit: 0, pageLoad: 300000, script: 30000}, unhandledPromptBehavior: dismiss and notify, webauthn:virtualAuthenticators: true}
Session ID: 1cddefd56b64b84d67fd979692041103
	at java.base/jdk.internal.reflect.NativeConstructorAccessorImpl.newInstance0(Native Method)
	at java.base/jdk.internal.reflect.NativeConstructorAccessorImpl.newInstance(NativeConstructorAccessorImpl.java:62)
	at java.base/jdk.internal.reflect.DelegatingConstructorAccessorImpl.newInstance(DelegatingConstructorAccessorImpl.java:45)
	at java.base/java.lang.reflect.Constructor.newInstanceWithCaller(Constructor.java:500)
	at java.base/java.lang.reflect.Constructor.newInstance(Constructor.java:481)
	at org.openqa.selenium.remote.http.W3CHttpResponseCodec.createException(W3CHttpResponseCodec.java:187)
	at org.openqa.selenium.remote.http.W3CHttpResponseCodec.decode(W3CHttpResponseCodec.java:122)
	at org.openqa.selenium.remote.http.W3CHttpResponseCodec.decode(W3CHttpResponseCodec.java:49)
	at org.openqa.selenium.remote.HttpCommandExecutor.execute(HttpCommandExecutor.java:158)
	at org.openqa.selenium.remote.service.DriverCommandExecutor.execute(DriverCommandExecutor.java:83)
	at org.openqa.selenium.remote.RemoteWebDriver.execute(RemoteWebDriver.java:552)
	at org.openqa.selenium.remote.RemoteWebDriver.execute(RemoteWebDriver.java:609)
	at org.openqa.selenium.remote.RemoteWebDriver.getTitle(RemoteWebDriver.java:281)
	at com.autotradereu.stepdef.AdvanceSearchSteps.userVerifiesThatHeIsInResultPage(AdvanceSearchSteps.java:66)
	at ?.User verifies that he is in result page(file:///C:/Users/tsume/IntelliJ%20Workplace/The%20Last%20Framework%20project%20MG/AutoTradeEu/src/test/resources/features/search2.feature:12)

org.openqa.selenium.NoSuchWindowException: no such window: target window already closed
from unknown error: web view not found
  (Session info: chrome=87.0.4280.141)
Build info: version: '3.141.59', revision: 'e82be7d358', time: '2018-11-14T08:17:03'
System info: host: 'DESKTOP-ONJFJK9', ip: '192.168.0.17', os.name: 'Windows 10', os.arch: 'amd64', os.version: '10.0', java.version: '13.0.2'
Driver info: org.openqa.selenium.chrome.ChromeDriver
Capabilities {acceptInsecureCerts: false, browserName: chrome, browserVersion: 87.0.4280.141, chrome: {chromedriverVersion: 87.0.4280.88 (89e2380a3e36c..., userDataDir: C:\Users\tsume\AppData\Loca...}, goog:chromeOptions: {debuggerAddress: localhost:64005}, javascriptEnabled: true, networkConnectionEnabled: false, pageLoadStrategy: normal, platform: WINDOWS, platformName: WINDOWS, proxy: Proxy(), setWindowRect: true, strictFileInteractability: false, timeouts: {implicit: 0, pageLoad: 300000, script: 30000}, unhandledPromptBehavior: dismiss and notify, webauthn:virtualAuthenticators: true}
Session ID: 1cddefd56b64b84d67fd979692041103
	at java.base/jdk.internal.reflect.NativeConstructorAccessorImpl.newInstance0(Native Method)
	at java.base/jdk.internal.reflect.NativeConstructorAccessorImpl.newInstance(NativeConstructorAccessorImpl.java:62)
	at java.base/jdk.internal.reflect.DelegatingConstructorAccessorImpl.newInstance(DelegatingConstructorAccessorImpl.java:45)
	at java.base/java.lang.reflect.Constructor.newInstanceWithCaller(Constructor.java:500)
	at java.base/java.lang.reflect.Constructor.newInstance(Constructor.java:481)
	at org.openqa.selenium.remote.http.W3CHttpResponseCodec.createException(W3CHttpResponseCodec.java:187)
	at org.openqa.selenium.remote.http.W3CHttpResponseCodec.decode(W3CHttpResponseCodec.java:122)
	at org.openqa.selenium.remote.http.W3CHttpResponseCodec.decode(W3CHttpResponseCodec.java:49)
	at org.openqa.selenium.remote.HttpCommandExecutor.execute(HttpCommandExecutor.java:158)
	at org.openqa.selenium.remote.service.DriverCommandExecutor.execute(DriverCommandExecutor.java:83)
	at org.openqa.selenium.remote.RemoteWebDriver.execute(RemoteWebDriver.java:552)
	at org.openqa.selenium.remote.RemoteWebDriver.execute(RemoteWebDriver.java:609)
	at org.openqa.selenium.remote.RemoteWebDriver.getScreenshotAs(RemoteWebDriver.java:295)
	at com.autotradereu.stepdef.Hooks.after(Hooks.java:37)


12:57:41.708 [pool-1-thread-2] DEBUG io.github.bonigarcia.wdm.Preferences - Preference chrome=87 (valid until 2021-02-11 12:37:06)
12:57:41.710 [pool-1-thread-2] DEBUG io.github.bonigarcia.wdm.Preferences - Preference chrome87=87.0.4280.88 (valid until 2021-02-11 12:37:06)
12:57:41.711 [pool-1-thread-2] INFO io.github.bonigarcia.wdm.WebDriverManager - Using chromedriver 87.0.4280.88 (since Google Chrome 87 is installed in your machine)
12:57:41.715 [pool-1-thread-2] DEBUG io.github.bonigarcia.wdm.WebDriverManager - Driver chromedriver 87.0.4280.88 found in cache
12:57:41.716 [pool-1-thread-2] INFO io.github.bonigarcia.wdm.WebDriverManager - Exporting webdriver.chrome.driver as C:\Users\tsume\.m2\repository\webdriver\chromedriver\win32\87.0.4280.88\chromedriver.exe
12:57:56.223 [pool-1-thread-2] INFO com.autotradereu.stepdef.AdvanceSearchSteps - Advance Search Assertion is successful
12:57:58.111 [pool-1-thread-2] INFO com.autotradereu.stepdef.AdvanceSearchSteps - zipcode entered as 30004 SUCCESFULLY!!
12:58:20.604 [pool-1-thread-2] ERROR com.autotradereu.stepdef.Hooks - !!!!Test Failed! check the screenshot!!!!
]]></system-out>
    <system-err><![CDATA[Starting ChromeDriver 87.0.4280.88 (89e2380a3e36c3464b5dd1302349b1382549290d-refs/branch-heads/4280@{#1761}) on port 39169
Only local connections are allowed.
Please see https://chromedriver.chromium.org/security-considerations for suggestions on keeping ChromeDriver safe.
ChromeDriver was started successfully.
Feb 10, 2021 12:57:45 PM org.openqa.selenium.remote.ProtocolHandshake createSession
INFO: Detected dialect: W3C
]]></system-err>
  </testcase>
  <testcase name="User checks the Advance Search link" classname="Verifying the search" time="54.241">
    <error message="no such window: target window already closed&#10;from unknown error: web view not found&#10;  (Session info: chrome=87.0.4280.141)&#10;Build info: version: &apos;3.141.59&apos;, revision: &apos;e82be7d358&apos;, time: &apos;2018-11-14T08:17:03&apos;&#10;System info: host: &apos;DESKTOP-ONJFJK9&apos;, ip: &apos;192.168.0.17&apos;, os.name: &apos;Windows 10&apos;, os.arch: &apos;amd64&apos;, os.version: &apos;10.0&apos;, java.version: &apos;13.0.2&apos;&#10;Driver info: org.openqa.selenium.chrome.ChromeDriver&#10;Capabilities {acceptInsecureCerts: false, browserName: chrome, browserVersion: 87.0.4280.141, chrome: {chromedriverVersion: 87.0.4280.88 (89e2380a3e36c..., userDataDir: C:\Users\tsume\AppData\Loca...}, goog:chromeOptions: {debuggerAddress: localhost:64005}, javascriptEnabled: true, networkConnectionEnabled: false, pageLoadStrategy: normal, platform: WINDOWS, platformName: WINDOWS, proxy: Proxy(), setWindowRect: true, strictFileInteractability: false, timeouts: {implicit: 0, pageLoad: 300000, script: 30000}, unhandledPromptBehavior: dismiss and notify, webauthn:virtualAuthenticators: true}&#10;Session ID: 1cddefd56b64b84d67fd979692041103" type="org.openqa.selenium.NoSuchWindowException">org.openqa.selenium.NoSuchWindowException: 
no such window: target window already closed
from unknown error: web view not found
  (Session info: chrome=87.0.4280.141)
Build info: version: '3.141.59', revision: 'e82be7d358', time: '2018-11-14T08:17:03'
System info: host: 'DESKTOP-ONJFJK9', ip: '192.168.0.17', os.name: 'Windows 10', os.arch: 'amd64', os.version: '10.0', java.version: '13.0.2'
Driver info: org.openqa.selenium.chrome.ChromeDriver
Capabilities {acceptInsecureCerts: false, browserName: chrome, browserVersion: 87.0.4280.141, chrome: {chromedriverVersion: 87.0.4280.88 (89e2380a3e36c..., userDataDir: C:\Users\tsume\AppData\Loca...}, goog:chromeOptions: {debuggerAddress: localhost:64005}, javascriptEnabled: true, networkConnectionEnabled: false, pageLoadStrategy: normal, platform: WINDOWS, platformName: WINDOWS, proxy: Proxy(), setWindowRect: true, strictFileInteractability: false, timeouts: {implicit: 0, pageLoad: 300000, script: 30000}, unhandledPromptBehavior: dismiss and notify, webauthn:virtualAuthenticators: true}
Session ID: 1cddefd56b64b84d67fd979692041103
</error>
    <system-out><![CDATA[12:57:41.485 [pool-1-thread-3] INFO com.autotradereu.stepdef.Hooks - ##### SETUP STARTED (HOOK) ######
12:57:41.488 [pool-1-thread-3] INFO com.autotradereu.stepdef.Hooks - ##### SETUP STARTED (HOOK) ######
12:57:41.488 [pool-1-thread-3] INFO com.autotradereu.utils.MyDriver - ===============================================================
12:57:41.488 [pool-1-thread-3] INFO com.autotradereu.utils.MyDriver - ===============================================================
12:57:41.488 [pool-1-thread-3] INFO com.autotradereu.utils.MyDriver - |          Environment : QA
12:57:41.488 [pool-1-thread-3] INFO com.autotradereu.utils.MyDriver - |          Environment : QA
12:57:41.488 [pool-1-thread-3] INFO com.autotradereu.utils.MyDriver - |          Operating System : Windows 10
12:57:41.488 [pool-1-thread-3] INFO com.autotradereu.utils.MyDriver - |          Browser: chrome
12:57:41.488 [pool-1-thread-3] INFO com.autotradereu.utils.MyDriver - |          Operating System : Windows 10
12:57:41.488 [pool-1-thread-3] INFO com.autotradereu.utils.MyDriver - ===============================================================

12:57:41.488 [pool-1-thread-3] INFO com.autotradereu.utils.MyDriver - |          Browser: chrome
12:57:41.488 [pool-1-thread-3] INFO com.autotradereu.utils.MyDriver - ===============================================================

12:57:41.489 [pool-1-thread-3] INFO com.autotradereu.stepdef.Hooks - ##### SETUP STARTED (HOOK) ######
12:57:41.489 [pool-1-thread-3] INFO com.autotradereu.utils.MyDriver - ===============================================================
12:57:41.489 [pool-1-thread-3] INFO com.autotradereu.utils.MyDriver - |          Environment : QA
12:57:41.489 [pool-1-thread-3] INFO com.autotradereu.utils.MyDriver - |          Operating System : Windows 10
12:57:41.489 [pool-1-thread-3] INFO com.autotradereu.utils.MyDriver - |          Browser: chrome
12:57:41.489 [pool-1-thread-3] INFO com.autotradereu.utils.MyDriver - ===============================================================

12:57:41.690 [pool-1-thread-3] DEBUG io.github.bonigarcia.wdm.Preferences - Preference chrome=87 (valid until 2021-02-11 12:37:06)
12:57:41.692 [pool-1-thread-3] DEBUG io.github.bonigarcia.wdm.Preferences - Preference chrome87=87.0.4280.88 (valid until 2021-02-11 12:37:06)
12:57:41.692 [pool-1-thread-3] INFO io.github.bonigarcia.wdm.WebDriverManager - Using chromedriver 87.0.4280.88 (since Google Chrome 87 is installed in your machine)
12:57:41.697 [pool-1-thread-3] DEBUG io.github.bonigarcia.wdm.WebDriverManager - Driver chromedriver 87.0.4280.88 found in cache
12:57:41.698 [pool-1-thread-3] INFO io.github.bonigarcia.wdm.WebDriverManager - Exporting webdriver.chrome.driver as C:\Users\tsume\.m2\repository\webdriver\chromedriver\win32\87.0.4280.88\chromedriver.exe
12:57:56.213 [pool-1-thread-3] INFO com.autotradereu.stepdef.AdvanceSearchSteps - Advance Search Assertion is successful
12:57:58.165 [pool-1-thread-3] INFO com.autotradereu.stepdef.AdvanceSearchSteps - zipcode entered as 30004 SUCCESFULLY!!
12:58:35.436 [pool-1-thread-3] ERROR com.autotradereu.stepdef.Hooks - !!!!Test Failed! check the screenshot!!!!
]]></system-out>
    <system-err><![CDATA[SLF4J: A number (17) of logging calls during the initialization phase have been intercepted and are
SLF4J: now being replayed. These are subject to the filtering rules of the underlying logging system.
SLF4J: See also http://www.slf4j.org/codes.html#replay
Starting ChromeDriver 87.0.4280.88 (89e2380a3e36c3464b5dd1302349b1382549290d-refs/branch-heads/4280@{#1761}) on port 10119
Only local connections are allowed.
Please see https://chromedriver.chromium.org/security-considerations for suggestions on keeping ChromeDriver safe.
ChromeDriver was started successfully.
Feb 10, 2021 12:57:45 PM org.openqa.selenium.remote.ProtocolHandshake createSession
INFO: Detected dialect: W3C
]]></system-err>
  </testcase>
  <testcase name="User checks the Advance Search link" classname="Verifying the search" time="24.707">
    <error message="Element should have been &quot;select&quot; but was &quot;null&quot;&#10;Build info: version: &apos;3.141.59&apos;, revision: &apos;e82be7d358&apos;, time: &apos;2018-11-14T08:17:03&apos;&#10;System info: host: &apos;DESKTOP-ONJFJK9&apos;, ip: &apos;192.168.0.17&apos;, os.name: &apos;Windows 10&apos;, os.arch: &apos;amd64&apos;, os.version: &apos;10.0&apos;, java.version: &apos;13.0.2&apos;&#10;Driver info: driver.version: unknown" type="org.openqa.selenium.support.ui.UnexpectedTagNameException">org.openqa.selenium.support.ui.UnexpectedTagNameException: 
Element should have been "select" but was "null"
Build info: version: '3.141.59', revision: 'e82be7d358', time: '2018-11-14T08:17:03'
System info: host: 'DESKTOP-ONJFJK9', ip: '192.168.0.17', os.name: 'Windows 10', os.arch: 'amd64', os.version: '10.0', java.version: '13.0.2'
Driver info: driver.version: unknown
</error>
    <system-out><![CDATA[12:57:53.912 [pool-1-thread-1] INFO com.autotradereu.stepdef.Hooks - ##### SETUP STARTED (HOOK) ######
12:57:53.913 [pool-1-thread-1] INFO com.autotradereu.utils.MyDriver - ===============================================================
12:57:53.913 [pool-1-thread-1] INFO com.autotradereu.utils.MyDriver - |          Environment : QA
12:57:53.913 [pool-1-thread-1] INFO com.autotradereu.utils.MyDriver - |          Operating System : Windows 10
12:57:53.913 [pool-1-thread-1] INFO com.autotradereu.utils.MyDriver - |          Browser: chrome
12:57:53.913 [pool-1-thread-1] INFO com.autotradereu.utils.MyDriver - ===============================================================

12:57:53.926 [pool-1-thread-1] DEBUG io.github.bonigarcia.wdm.Preferences - Preference chrome=87 (valid until 2021-02-11 12:37:06)
12:57:53.928 [pool-1-thread-1] DEBUG io.github.bonigarcia.wdm.Preferences - Preference chrome87=87.0.4280.88 (valid until 2021-02-11 12:37:06)
12:57:53.928 [pool-1-thread-1] INFO io.github.bonigarcia.wdm.WebDriverManager - Using chromedriver 87.0.4280.88 (since Google Chrome 87 is installed in your machine)
12:57:53.933 [pool-1-thread-1] DEBUG io.github.bonigarcia.wdm.WebDriverManager - Driver chromedriver 87.0.4280.88 found in cache
12:57:53.935 [pool-1-thread-1] INFO io.github.bonigarcia.wdm.WebDriverManager - Exporting webdriver.chrome.driver as C:\Users\tsume\.m2\repository\webdriver\chromedriver\win32\87.0.4280.88\chromedriver.exe
12:58:09.191 [pool-1-thread-1] INFO com.autotradereu.stepdef.AdvanceSearchSteps - Advance Search Assertion is successful
12:58:12.172 [pool-1-thread-1] INFO com.autotradereu.stepdef.AdvanceSearchSteps - zipcode entered as 30004 SUCCESFULLY!!
12:58:18.601 [pool-1-thread-1] ERROR com.autotradereu.stepdef.Hooks - !!!!Test Failed! check the screenshot!!!!
]]></system-out>
    <system-err><![CDATA[Starting ChromeDriver 87.0.4280.88 (89e2380a3e36c3464b5dd1302349b1382549290d-refs/branch-heads/4280@{#1761}) on port 36679
Only local connections are allowed.
Please see https://chromedriver.chromium.org/security-considerations for suggestions on keeping ChromeDriver safe.
ChromeDriver was started successfully.
Feb 10, 2021 12:57:57 PM org.openqa.selenium.remote.ProtocolHandshake createSession
INFO: Detected dialect: W3C
]]></system-err>
  </testcase>
  <testcase name="User checks the Advance Search link" classname="Verifying the search" time="0">
    <error message="no such window: target window already closed&#10;from unknown error: web view not found&#10;  (Session info: chrome=87.0.4280.141)&#10;Build info: version: &apos;3.141.59&apos;, revision: &apos;e82be7d358&apos;, time: &apos;2018-11-14T08:17:03&apos;&#10;System info: host: &apos;DESKTOP-ONJFJK9&apos;, ip: &apos;192.168.0.17&apos;, os.name: &apos;Windows 10&apos;, os.arch: &apos;amd64&apos;, os.version: &apos;10.0&apos;, java.version: &apos;13.0.2&apos;&#10;Driver info: org.openqa.selenium.chrome.ChromeDriver&#10;Capabilities {acceptInsecureCerts: false, browserName: chrome, browserVersion: 87.0.4280.141, chrome: {chromedriverVersion: 87.0.4280.88 (89e2380a3e36c..., userDataDir: C:\Users\tsume\AppData\Loca...}, goog:chromeOptions: {debuggerAddress: localhost:64133}, javascriptEnabled: true, networkConnectionEnabled: false, pageLoadStrategy: normal, platform: WINDOWS, platformName: WINDOWS, proxy: Proxy(), setWindowRect: true, strictFileInteractability: false, timeouts: {implicit: 0, pageLoad: 300000, script: 30000}, unhandledPromptBehavior: dismiss and notify, webauthn:virtualAuthenticators: true}&#10;Session ID: 2631f9802b209969814e3226b89919c1" type="org.openqa.selenium.NoSuchWindowException">org.openqa.selenium.NoSuchWindowException: 
no such window: target window already closed
from unknown error: web view not found
  (Session info: chrome=87.0.4280.141)
Build info: version: '3.141.59', revision: 'e82be7d358', time: '2018-11-14T08:17:03'
System info: host: 'DESKTOP-ONJFJK9', ip: '192.168.0.17', os.name: 'Windows 10', os.arch: 'amd64', os.version: '10.0', java.version: '13.0.2'
Driver info: org.openqa.selenium.chrome.ChromeDriver
Capabilities {acceptInsecureCerts: false, browserName: chrome, browserVersion: 87.0.4280.141, chrome: {chromedriverVersion: 87.0.4280.88 (89e2380a3e36c..., userDataDir: C:\Users\tsume\AppData\Loca...}, goog:chromeOptions: {debuggerAddress: localhost:64133}, javascriptEnabled: true, networkConnectionEnabled: false, pageLoadStrategy: normal, platform: WINDOWS, platformName: WINDOWS, proxy: Proxy(), setWindowRect: true, strictFileInteractability: false, timeouts: {implicit: 0, pageLoad: 300000, script: 30000}, unhandledPromptBehavior: dismiss and notify, webauthn:virtualAuthenticators: true}
Session ID: 2631f9802b209969814e3226b89919c1
</error>
  </testcase>
  <testcase name="User checks the Advance Search link" classname="Verifying the search" time="0">
    <error message="no such window: target window already closed&#10;from unknown error: web view not found&#10;  (Session info: chrome=87.0.4280.141)&#10;Build info: version: &apos;3.141.59&apos;, revision: &apos;e82be7d358&apos;, time: &apos;2018-11-14T08:17:03&apos;&#10;System info: host: &apos;DESKTOP-ONJFJK9&apos;, ip: &apos;192.168.0.17&apos;, os.name: &apos;Windows 10&apos;, os.arch: &apos;amd64&apos;, os.version: &apos;10.0&apos;, java.version: &apos;13.0.2&apos;&#10;Driver info: org.openqa.selenium.chrome.ChromeDriver&#10;Capabilities {acceptInsecureCerts: false, browserName: chrome, browserVersion: 87.0.4280.141, chrome: {chromedriverVersion: 87.0.4280.88 (89e2380a3e36c..., userDataDir: C:\Users\tsume\AppData\Loca...}, goog:chromeOptions: {debuggerAddress: localhost:64009}, javascriptEnabled: true, networkConnectionEnabled: false, pageLoadStrategy: normal, platform: WINDOWS, platformName: WINDOWS, proxy: Proxy(), setWindowRect: true, strictFileInteractability: false, timeouts: {implicit: 0, pageLoad: 300000, script: 30000}, unhandledPromptBehavior: dismiss and notify, webauthn:virtualAuthenticators: true}&#10;Session ID: ac5ceff3b554be610bc8155021f5b451" type="org.openqa.selenium.NoSuchWindowException">org.openqa.selenium.NoSuchWindowException: 
no such window: target window already closed
from unknown error: web view not found
  (Session info: chrome=87.0.4280.141)
Build info: version: '3.141.59', revision: 'e82be7d358', time: '2018-11-14T08:17:03'
System info: host: 'DESKTOP-ONJFJK9', ip: '192.168.0.17', os.name: 'Windows 10', os.arch: 'amd64', os.version: '10.0', java.version: '13.0.2'
Driver info: org.openqa.selenium.chrome.ChromeDriver
Capabilities {acceptInsecureCerts: false, browserName: chrome, browserVersion: 87.0.4280.141, chrome: {chromedriverVersion: 87.0.4280.88 (89e2380a3e36c..., userDataDir: C:\Users\tsume\AppData\Loca...}, goog:chromeOptions: {debuggerAddress: localhost:64009}, javascriptEnabled: true, networkConnectionEnabled: false, pageLoadStrategy: normal, platform: WINDOWS, platformName: WINDOWS, proxy: Proxy(), setWindowRect: true, strictFileInteractability: false, timeouts: {implicit: 0, pageLoad: 300000, script: 30000}, unhandledPromptBehavior: dismiss and notify, webauthn:virtualAuthenticators: true}
Session ID: ac5ceff3b554be610bc8155021f5b451
</error>
  </testcase>
  <testcase name="User checks the Advance Search link" classname="Verifying the search" time="0">
    <error message="no such window: target window already closed&#10;from unknown error: web view not found&#10;  (Session info: chrome=87.0.4280.141)&#10;Build info: version: &apos;3.141.59&apos;, revision: &apos;e82be7d358&apos;, time: &apos;2018-11-14T08:17:03&apos;&#10;System info: host: &apos;DESKTOP-ONJFJK9&apos;, ip: &apos;192.168.0.17&apos;, os.name: &apos;Windows 10&apos;, os.arch: &apos;amd64&apos;, os.version: &apos;10.0&apos;, java.version: &apos;13.0.2&apos;&#10;Driver info: org.openqa.selenium.chrome.ChromeDriver&#10;Capabilities {acceptInsecureCerts: false, browserName: chrome, browserVersion: 87.0.4280.141, chrome: {chromedriverVersion: 87.0.4280.88 (89e2380a3e36c..., userDataDir: C:\Users\tsume\AppData\Loca...}, goog:chromeOptions: {debuggerAddress: localhost:64005}, javascriptEnabled: true, networkConnectionEnabled: false, pageLoadStrategy: normal, platform: WINDOWS, platformName: WINDOWS, proxy: Proxy(), setWindowRect: true, strictFileInteractability: false, timeouts: {implicit: 0, pageLoad: 300000, script: 30000}, unhandledPromptBehavior: dismiss and notify, webauthn:virtualAuthenticators: true}&#10;Session ID: 1cddefd56b64b84d67fd979692041103" type="org.openqa.selenium.NoSuchWindowException">org.openqa.selenium.NoSuchWindowException: 
no such window: target window already closed
from unknown error: web view not found
  (Session info: chrome=87.0.4280.141)
Build info: version: '3.141.59', revision: 'e82be7d358', time: '2018-11-14T08:17:03'
System info: host: 'DESKTOP-ONJFJK9', ip: '192.168.0.17', os.name: 'Windows 10', os.arch: 'amd64', os.version: '10.0', java.version: '13.0.2'
Driver info: org.openqa.selenium.chrome.ChromeDriver
Capabilities {acceptInsecureCerts: false, browserName: chrome, browserVersion: 87.0.4280.141, chrome: {chromedriverVersion: 87.0.4280.88 (89e2380a3e36c..., userDataDir: C:\Users\tsume\AppData\Loca...}, goog:chromeOptions: {debuggerAddress: localhost:64005}, javascriptEnabled: true, networkConnectionEnabled: false, pageLoadStrategy: normal, platform: WINDOWS, platformName: WINDOWS, proxy: Proxy(), setWindowRect: true, strictFileInteractability: false, timeouts: {implicit: 0, pageLoad: 300000, script: 30000}, unhandledPromptBehavior: dismiss and notify, webauthn:virtualAuthenticators: true}
Session ID: 1cddefd56b64b84d67fd979692041103
</error>
  </testcase>
  <testcase name="Homepage verification" classname="Verifying the search" time="12.699">
    <error message="stale element reference: element is not attached to the page document&#10;  (Session info: chrome=87.0.4280.141)&#10;For documentation on this error, please visit: https://www.seleniumhq.org/exceptions/stale_element_reference.html&#10;Build info: version: &apos;3.141.59&apos;, revision: &apos;e82be7d358&apos;, time: &apos;2018-11-14T08:17:03&apos;&#10;System info: host: &apos;DESKTOP-ONJFJK9&apos;, ip: &apos;192.168.0.17&apos;, os.name: &apos;Windows 10&apos;, os.arch: &apos;amd64&apos;, os.version: &apos;10.0&apos;, java.version: &apos;13.0.2&apos;&#10;Driver info: org.openqa.selenium.chrome.ChromeDriver&#10;Capabilities {acceptInsecureCerts: false, browserName: chrome, browserVersion: 87.0.4280.141, chrome: {chromedriverVersion: 87.0.4280.88 (89e2380a3e36c..., userDataDir: C:\Users\tsume\AppData\Loca...}, goog:chromeOptions: {debuggerAddress: localhost:64006}, javascriptEnabled: true, networkConnectionEnabled: false, pageLoadStrategy: normal, platform: WINDOWS, platformName: WINDOWS, proxy: Proxy(), setWindowRect: true, strictFileInteractability: false, timeouts: {implicit: 0, pageLoad: 300000, script: 30000}, unhandledPromptBehavior: dismiss and notify, webauthn:virtualAuthenticators: true}&#10;Session ID: 4f16f8e0da5c7515ba81684e0c3d8b11" type="org.openqa.selenium.StaleElementReferenceException">org.openqa.selenium.StaleElementReferenceException: 
stale element reference: element is not attached to the page document
  (Session info: chrome=87.0.4280.141)
For documentation on this error, please visit: https://www.seleniumhq.org/exceptions/stale_element_reference.html
Build info: version: '3.141.59', revision: 'e82be7d358', time: '2018-11-14T08:17:03'
System info: host: 'DESKTOP-ONJFJK9', ip: '192.168.0.17', os.name: 'Windows 10', os.arch: 'amd64', os.version: '10.0', java.version: '13.0.2'
Driver info: org.openqa.selenium.chrome.ChromeDriver
Capabilities {acceptInsecureCerts: false, browserName: chrome, browserVersion: 87.0.4280.141, chrome: {chromedriverVersion: 87.0.4280.88 (89e2380a3e36c..., userDataDir: C:\Users\tsume\AppData\Loca...}, goog:chromeOptions: {debuggerAddress: localhost:64006}, javascriptEnabled: true, networkConnectionEnabled: false, pageLoadStrategy: normal, platform: WINDOWS, platformName: WINDOWS, proxy: Proxy(), setWindowRect: true, strictFileInteractability: false, timeouts: {implicit: 0, pageLoad: 300000, script: 30000}, unhandledPromptBehavior: dismiss and notify, webauthn:virtualAuthenticators: true}
Session ID: 4f16f8e0da5c7515ba81684e0c3d8b11
</error>
    <system-out><![CDATA[12:57:41.661 [pool-1-thread-1] DEBUG io.github.bonigarcia.wdm.Preferences - Preference chrome=87 (valid until 2021-02-11 12:37:06)
12:57:41.664 [pool-1-thread-1] DEBUG io.github.bonigarcia.wdm.Preferences - Preference chrome87=87.0.4280.88 (valid until 2021-02-11 12:37:06)
12:57:41.664 [pool-1-thread-1] INFO io.github.bonigarcia.wdm.WebDriverManager - Using chromedriver 87.0.4280.88 (since Google Chrome 87 is installed in your machine)
12:57:41.677 [pool-1-thread-1] DEBUG io.github.bonigarcia.wdm.WebDriverManager - Driver chromedriver 87.0.4280.88 found in cache
12:57:41.678 [pool-1-thread-1] INFO io.github.bonigarcia.wdm.WebDriverManager - Exporting webdriver.chrome.driver as C:\Users\tsume\.m2\repository\webdriver\chromedriver\win32\87.0.4280.88\chromedriver.exe
12:57:52.227 [pool-1-thread-1] INFO com.autotradereu.stepdef.SearchSteps - Assertion successful
12:57:53.356 [pool-1-thread-1] ERROR com.autotradereu.stepdef.Hooks - !!!!Test Failed! check the screenshot!!!!
12:57:53.892 [pool-1-thread-1] INFO com.autotradereu.stepdef.Hooks - ###### END OF TESTS #####
]]></system-out>
    <system-err><![CDATA[Starting ChromeDriver 87.0.4280.88 (89e2380a3e36c3464b5dd1302349b1382549290d-refs/branch-heads/4280@{#1761}) on port 28746
Only local connections are allowed.
Please see https://chromedriver.chromium.org/security-considerations for suggestions on keeping ChromeDriver safe.
ChromeDriver was started successfully.
Feb 10, 2021 12:57:45 PM org.openqa.selenium.remote.ProtocolHandshake createSession
INFO: Detected dialect: W3C
]]></system-err>
  </testcase>
</testsuite>